[17:09:49.288] Global cache location '/Users/d2b/Library/Caches/typescript/4.5', safe file path '/usr/local/lib/node_modules/typescript/lib/typingsafelist.json', types map path /usr/local/lib/node_modules/typescript/lib/typesmap.json
[17:09:49.289] Processing cache location '/Users/d2b/Library/Caches/typescript/4.5'
[17:09:49.290] Trying to find '/Users/d2b/Library/Caches/typescript/4.5/package.json'...
[17:09:49.292] Finished processing cache location '/Users/d2b/Library/Caches/typescript/4.5'
[17:09:49.292] Process id: 76973
[17:09:49.292] NPM location: /usr/local/Cellar/node/17.2.0/bin/npm (explicit '--npmLocation' not  provided)
[17:09:49.292] validateDefaultNpmLocation: false
[17:09:49.292] Npm config file: /Users/d2b/Library/Caches/typescript/4.5/package.json
[17:09:49.293] Updating types-registry npm package...
[17:09:49.293] Exec: /usr/local/Cellar/node/17.2.0/bin/npm install --ignore-scripts types-registry@latest
[17:09:49.303]     Failed. stdout:
    stderr:
    /bin/sh: /usr/local/Cellar/node/17.2.0/bin/npm: No such file or directory
    
[17:09:49.304] Updated types-registry npm package
[17:09:49.304] Types registry file '/Users/d2b/Library/Caches/typescript/4.5/node_modules/types-registry/index.json' does not exist
[17:09:50.669] Got install request {"projectName":"/dev/null/inferredProject1*","fileNames":["/usr/local/lib/node_modules/typescript/lib/lib.es5.d.ts","/usr/local/lib/node_modules/typescript/lib/lib.es2015.d.ts","/usr/local/lib/node_modules/typescript/lib/lib.es2016.d.ts","/usr/local/lib/node_modules/typescript/lib/lib.dom.d.ts","/usr/local/lib/node_modules/typescript/lib/lib.dom.iterable.d.ts","/usr/local/lib/node_modules/typescript/lib/lib.webworker.importscripts.d.ts","/usr/local/lib/node_modules/typescript/lib/lib.scripthost.d.ts","/usr/local/lib/node_modules/typescript/lib/lib.es2015.core.d.ts","/usr/local/lib/node_modules/typescript/lib/lib.es2015.collection.d.ts","/usr/local/lib/node_modules/typescript/lib/lib.es2015.generator.d.ts","/usr/local/lib/node_modules/typescript/lib/lib.es2015.iterable.d.ts","/usr/local/lib/node_modules/typescript/lib/lib.es2015.promise.d.ts","/usr/local/lib/node_modules/typescript/lib/lib.es2015.proxy.d.ts","/usr/local/lib/node_modules/typescript/lib/lib.es2015.reflect.d.ts","/usr/local/lib/node_modules/typescript/lib/lib.es2015.symbol.d.ts","/usr/local/lib/node_modules/typescript/lib/lib.es2015.symbol.wellknown.d.ts","/usr/local/lib/node_modules/typescript/lib/lib.es2016.array.include.d.ts","/usr/local/lib/node_modules/typescript/lib/lib.es2016.full.d.ts","/Users/d2b/dev/repos/formicious/src/utilities.js","/Users/d2b/dev/repos/formicious/src/core.js"],"compilerOptions":{"module":1,"target":3,"jsx":1,"allowJs":true,"allowSyntheticDefaultImports":true,"allowNonTsExtensions":true,"noEmitForJsFiles":true,"maxNodeModuleJsDepth":2},"typeAcquisition":{"enable":true,"include":[],"exclude":[]},"unresolvedImports":[],"projectRootPath":"/Users/d2b/dev/repos/formicious/src","kind":"discover"}
[17:09:50.685] Loaded safelist from types map file '/usr/local/lib/node_modules/typescript/lib/typesmap.json'
[17:09:50.685] Explicitly included types: []
[17:09:50.686] Inferred typings from file names: ["core-js"]
[17:09:50.686] Inferred typings from unresolved imports: []
[17:09:50.686] Result: {"cachedTypingPaths":[],"newTypingNames":["core-js"],"filesToWatch":["/Users/d2b/dev/repos/formicious/src/bower_components","/Users/d2b/dev/repos/formicious/src/node_modules"]}
[17:09:50.686] Finished typings discovery: {"cachedTypingPaths":[],"newTypingNames":["core-js"],"filesToWatch":["/Users/d2b/dev/repos/formicious/src/bower_components","/Users/d2b/dev/repos/formicious/src/node_modules"]}
[17:09:50.687] DirectoryWatcher:: Added:: WatchInfo: /Users/d2b/dev/repos/formicious/src/bower_components
[17:09:50.687] DirectoryWatcher:: Added:: WatchInfo: /Users/d2b/dev/repos/formicious/src/bower_components 1 undefined Project: /dev/null/inferredProject1* watcher already invoked: false
[17:09:50.688] Elapsed:: 0.68949294090271ms DirectoryWatcher:: Added:: WatchInfo: /Users/d2b/dev/repos/formicious/src/bower_components 1 undefined Project: /dev/null/inferredProject1* watcher already invoked: false
[17:09:50.688] DirectoryWatcher:: Added:: WatchInfo: /Users/d2b/dev/repos/formicious/src/node_modules
[17:09:50.688] DirectoryWatcher:: Added:: WatchInfo: /Users/d2b/dev/repos/formicious/src/node_modules 1 undefined Project: /dev/null/inferredProject1* watcher already invoked: false
[17:09:50.688] Elapsed:: 0.07651698589324951ms DirectoryWatcher:: Added:: WatchInfo: /Users/d2b/dev/repos/formicious/src/node_modules 1 undefined Project: /dev/null/inferredProject1* watcher already invoked: false
[17:09:50.689] Installing typings ["core-js"]
[17:09:50.689] 'core-js':: Entry for package 'core-js' does not exist in local types registry - skipping...
[17:09:50.689] All typings are known to be missing or invalid - no need to install more typings
[17:09:50.689] Sending response:
    {"projectName":"/dev/null/inferredProject1*","typeAcquisition":{"enable":true,"include":[],"exclude":[]},"compilerOptions":{"module":1,"target":3,"jsx":1,"allowJs":true,"allowSyntheticDefaultImports":true,"allowNonTsExtensions":true,"noEmitForJsFiles":true,"maxNodeModuleJsDepth":2},"typings":[],"unresolvedImports":[],"kind":"action::set"}
[17:09:50.689] Response has been sent.
